c:\users\j\documents\projects\mpegtsdemux\mpegtsdemux\x64\release\vc141.pdb
c:\users\j\documents\projects\mpegtsdemux\mpegtsdemux\x64\release\tsdemux.obj
c:\users\j\documents\projects\mpegtsdemux\mpegtsdemux\x64\release\pesparse.obj
c:\users\j\documents\projects\mpegtsdemux\mpegtsdemux\x64\release\mpegtsparse.obj
c:\users\j\documents\projects\mpegtsdemux\mpegtsdemux\x64\release\mpegtspacketizer.obj
c:\users\j\documents\projects\mpegtsdemux\mpegtsdemux\x64\release\mpegtsbase.obj
c:\users\j\documents\projects\mpegtsdemux\mpegtsdemux\x64\release\gsttsdemux.obj
c:\users\j\documents\projects\mpegtsdemux\x64\release\mpegtsdemux.dll
c:\users\j\documents\projects\mpegtsdemux\x64\release\mpegtsdemux.pdb
c:\users\j\documents\projects\mpegtsdemux\x64\release\mpegtsdemux.lib
c:\users\j\documents\projects\mpegtsdemux\x64\release\mpegtsdemux.exp
c:\users\j\documents\projects\mpegtsdemux\x64\release\mpegtsdemux.ipdb
c:\users\j\documents\projects\mpegtsdemux\x64\release\mpegtsdemux.iobj
c:\users\j\documents\projects\mpegtsdemux\mpegtsdemux\x64\release\mpegtsdemux.tlog\cl.command.1.tlog
c:\users\j\documents\projects\mpegtsdemux\mpegtsdemux\x64\release\mpegtsdemux.tlog\cl.read.1.tlog
c:\users\j\documents\projects\mpegtsdemux\mpegtsdemux\x64\release\mpegtsdemux.tlog\cl.write.1.tlog
c:\users\j\documents\projects\mpegtsdemux\mpegtsdemux\x64\release\mpegtsdemux.tlog\link.command.1.tlog
c:\users\j\documents\projects\mpegtsdemux\mpegtsdemux\x64\release\mpegtsdemux.tlog\link.read.1.tlog
c:\users\j\documents\projects\mpegtsdemux\mpegtsdemux\x64\release\mpegtsdemux.tlog\link.write.1.tlog
c:\users\j\documents\projects\mpegtsdemux\mpegtsdemux\x64\release\mpegtsdemux.tlog\mpegtsdemux.write.1u.tlog
